CArtAgO Http Server running on http://169.254.100.4:3273
Jason Http Server running on http://169.254.100.4:3272
Moise Http Server running on http://169.254.100.4:3271
[Moise] OrgBoard fraudulent_election_org created.
[Moise] scheme created: running_election: fraudulent_election_sch using artifact SchemeBoard
[Moise] group created: g1: voting_section using artifact ora4mas.nopl.GroupBoard
[Cartago] Workspace fraudulent_election_ws created.
[Cartago] artifact ballot_machine: voting.BallotMachine() at fraudulent_election_ws created.
[voter3] join workspace /main/fraudulent_election_org: done
[voter7] join workspace /main/fraudulent_election_org: done
[voter4] join workspace /main/fraudulent_election_org: done
[voter2] join workspace /main/fraudulent_election_org: done
[voter3] join workspace /main/fraudulent_election_ws: done
[voter7] join workspace /main/fraudulent_election_ws: done
[voter4] join workspace /main/fraudulent_election_ws: done
[voter7] focusing on artifact ballot_machine (at workspace /main/fraudulent_election_ws) using namespace default
[voter3] focusing on artifact ballot_machine (at workspace /main/fraudulent_election_ws) using namespace default
[voter8] join workspace /main/fraudulent_election_org: done
[voter2] join workspace /main/fraudulent_election_ws: done
[voter5] join workspace /main/fraudulent_election_org: done
[voter4] focusing on artifact ballot_machine (at workspace /main/fraudulent_election_ws) using namespace default
[voter2] focusing on artifact ballot_machine (at workspace /main/fraudulent_election_ws) using namespace default
[voter6] join workspace /main/fraudulent_election_org: done
[voter7] focus on ballot_machine: done
[voter3] focus on ballot_machine: done
[judge] join workspace /main/fraudulent_election_org: done
[voter5] join workspace /main/fraudulent_election_ws: done
[voter7] focusing on artifact g1 (at workspace /main/fraudulent_election_org) using namespace default
[voter3] focusing on artifact g1 (at workspace /main/fraudulent_election_org) using namespace default
[voter8] join workspace /main/fraudulent_election_ws: done
[voter2] focus on ballot_machine: done
[voter5] focusing on artifact ballot_machine (at workspace /main/fraudulent_election_ws) using namespace default
[voter4] focus on ballot_machine: done
[voter8] focusing on artifact ballot_machine (at workspace /main/fraudulent_election_ws) using namespace default
[judge] join workspace /main/fraudulent_election_ws: done
[voter1] join workspace /main/fraudulent_election_org: done
[voter6] join workspace /main/fraudulent_election_ws: done
[voter4] focusing on artifact g1 (at workspace /main/fraudulent_election_org) using namespace default
[voter7] focus on g1: done
[voter2] focusing on artifact g1 (at workspace /main/fraudulent_election_org) using namespace default
[voter5] focus on ballot_machine: done
[judge] focusing on artifact ballot_machine (at workspace /main/fraudulent_election_ws) using namespace default
[voter6] focusing on artifact ballot_machine (at workspace /main/fraudulent_election_ws) using namespace default
[voter8] focus on ballot_machine: done
[voter3] focus on g1: done
[voter5] focusing on artifact g1 (at workspace /main/fraudulent_election_org) using namespace default
[voter7] focusing on artifact fraudulent_election_org (at workspace /main/fraudulent_election_org) using namespace default
[voter1] join workspace /main/fraudulent_election_ws: done
[voter4] focus on g1: done
[voter3] focusing on artifact fraudulent_election_org (at workspace /main/fraudulent_election_org) using namespace default
[voter8] focusing on artifact g1 (at workspace /main/fraudulent_election_org) using namespace default
[voter1] focusing on artifact ballot_machine (at workspace /main/fraudulent_election_ws) using namespace default
[voter2] focus on g1: done
[voter6] focus on ballot_machine: done
[voter5] focus on g1: done
[judge] focus on ballot_machine: done
[voter2] focusing on artifact fraudulent_election_org (at workspace /main/fraudulent_election_org) using namespace default
[voter7] focus on fraudulent_election_org: done
[voter4] focusing on artifact fraudulent_election_org (at workspace /main/fraudulent_election_org) using namespace default
[voter5] focusing on artifact fraudulent_election_org (at workspace /main/fraudulent_election_org) using namespace default
[voter6] focusing on artifact g1 (at workspace /main/fraudulent_election_org) using namespace default
[judge] focusing on artifact g1 (at workspace /main/fraudulent_election_org) using namespace default
[voter7] joining fraudulent election
[voter3] focus on fraudulent_election_org: done
[voter1] focus on ballot_machine: done
[voter1] focusing on artifact g1 (at workspace /main/fraudulent_election_org) using namespace default
[voter3] joining fraudulent election
[voter8] focus on g1: done
[voter2] focus on fraudulent_election_org: done
[voter4] focus on fraudulent_election_org: done
[voter8] focusing on artifact fraudulent_election_org (at workspace /main/fraudulent_election_org) using namespace default
[voter2] joining fraudulent election
[voter5] focus on fraudulent_election_org: done
[voter6] focus on g1: done
[voter4] joining fraudulent election
[judge] focus on g1: done
[voter5] joining fraudulent election
[voter6] focusing on artifact fraudulent_election_org (at workspace /main/fraudulent_election_org) using namespace default
[judge] focusing on artifact fraudulent_election_org (at workspace /main/fraudulent_election_org) using namespace default
[voter1] focus on g1: done
[voter1] focusing on artifact fraudulent_election_org (at workspace /main/fraudulent_election_org) using namespace default
[voter8] focus on fraudulent_election_org: done
[voter8] joining fraudulent election
[voter6] focus on fraudulent_election_org: done
[judge] focus on fraudulent_election_org: done
[voter6] joining fraudulent election
[voter1] focus on fraudulent_election_org: done
[voter7] joined fraudulent election
[voter1] joining fraudulent election
[voter3] joined fraudulent election
[voter2] joined fraudulent election
[voter3] for this election I have a chance of [0.07222860758894112] to commit fraud
[voter7] for this election I have a chance of [0.5963858671381638] to commit fraud
[voter2] for this election I have a chance of [0.9095986434287705] to commit fraud
[voter3] my name is voter3, i'm waiting to vote...
[voter4] joined fraudulent election
[voter7] my name is voter7, i'm waiting to vote...
[voter2] my name is voter2, i'm waiting to vote...
[voter4] for this election I have a chance of [0.5428020461106198] to commit fraud
[voter4] my name is voter4, i'm waiting to vote...
[voter5] joined fraudulent election
[voter5] for this election I have a chance of [0.1578505728413968] to commit fraud
[voter8] joined fraudulent election
[voter5] my name is voter5, i'm waiting to vote...
[voter8] for this election I have a chance of [0.2977782814156351] to commit fraud
[voter8] my name is voter8, i'm waiting to vote...
[voter6] joined fraudulent election
[voter6] for this election I have a chance of [0.2429343448285538] to commit fraud
[voter6] my name is voter6, i'm waiting to vote...
[voter1] joined fraudulent election
[voter1] for this election I have a chance of [0.6078048424654706] to commit fraud
[voter1] my name is voter1, i'm waiting to vote...
[voter1] I am obliged to commit to voter on running_election... doing so
[voter3] I am obliged to commit to voter on running_election... doing so
[voter2] I am obliged to commit to voter on running_election... doing so
[voter4] I am obliged to commit to voter on running_election... doing so
[voter5] I am obliged to commit to voter on running_election... doing so
[voter6] I am obliged to commit to voter on running_election... doing so
[voter7] I am obliged to commit to voter on running_election... doing so
[voter8] I am obliged to commit to voter on running_election... doing so
[judge] I am obliged to commit to judge on running_election... doing so
[bad_influence] new possible victm to commit fraud - voter3
[bad_influence] new possible victm to commit fraud - voter7
[bad_influence] influencing to commit fraud voter3
[bad_influence] new possible victm to commit fraud - voter2
[bad_influence] new possible victm to commit fraud - voter4
[bad_influence] new possible victm to commit fraud - voter5
[bad_influence] influencing to commit fraud voter7
[bad_influence] new possible victm to commit fraud - voter8
[bad_influence] new possible victm to commit fraud - voter6
[bad_influence] new possible victm to commit fraud - voter1
[bad_influence] influencing to commit fraud voter2
[bad_influence] influencing to commit fraud voter4
[bad_influence] influencing to commit fraud voter5
[bad_influence] influencing voter3 to break the ballot machine
[bad_influence] influencing to commit fraud voter8
[bad_influence] influencing to commit fraud voter6
[bad_influence] influencing to commit fraud voter1
[voter3] recieved an intention to break the ballot machine
[voter3] ShouldICommitFraud = 0.9592270299699261
[bad_influence] influencing voter7 to break the ballot machine
[bad_influence] influencing voter2 to change candidates...
[bad_influence] influencing voter4 to change candidates...
[voter7] recieved an intention to break the ballot machine
[bad_influence] influencing voter5 to break the ballot machine
[voter7] ShouldICommitFraud = 0.986956782047041
[bad_influence] influencing voter8 to break the ballot machine
[voter2] received a new candidate to vote for... paulinho_mao_cheia
[bad_influence] influencing voter6 to change candidates...
[voter2] ShouldICommitFraud = 0.5693497209827554
[voter4] received a new candidate to vote for... paulinho_mao_cheia
[bad_influence] influencing voter1 to break the ballot machine
[voter2] [[ FRAUD ]] changing my vote to paulinho_mao_cheia
[voter5] recieved an intention to break the ballot machine
[voter8] recieved an intention to break the ballot machine
[voter4] ShouldICommitFraud = 0.9248517986650182
[voter5] ShouldICommitFraud = 0.24636591797886465
[voter1] recieved an intention to break the ballot machine
[voter6] received a new candidate to vote for... paulinho_mao_cheia
[voter1] ShouldICommitFraud = 0.7303167565409151
[voter8] ShouldICommitFraud = 0.7331236750368642
[voter6] ShouldICommitFraud = 0.4813293663102901
[judge] could not evaluate fraud ;(
[judge] configuring voting section...
[judge] searching candidates
[judge] registered candidates... [paulinho_mao_cheia,paula,maria,cassiano,jorge,paulo,jose]
[judge] could not evaluate fraud ;(
[judge] could not evaluate fraud ;(
[judge] could not evaluate fraud ;(
[judge] could not evaluate fraud ;(
[judge] could not evaluate fraud ;(
[judge] could not evaluate fraud ;(
[judge] searching voters
[judge] registered voters... [voter1,voter6,voter8,voter5,voter4,voter2,voter7,voter3]
[judge] announcing the candidates
[BallotMachine] candidates - [paulinho_mao_cheia,paula,maria,cassiano,jorge,paulo,jose]
[BallotMachine] voters - [Ljava.lang.Object;@2d2a16c2
[judge] openning the voting section...
[judge] evaluating if there was any fraud
[judge] votes on paulinho_mao_cheia = 0
[voter2] going to vote
[voter5] going to vote
[voter2] voter .my_name(self) is going to vote for [paulinho_mao_cheia]
[voter5] voter .my_name(self) is going to vote for [maria]
[voter3] going to vote
[voter3] voter .my_name(self) is going to vote for [jorge]
[judge] evaluating if there was any fraud
[judge] votes on paulinho_mao_cheia = 1
[judge] evaluating if there was any fraud
[judge] votes on paulinho_mao_cheia = 1
[voter1] going to vote
[voter1] voter .my_name(self) is going to vote for [jose]
[judge] evaluating if there was any fraud
[judge] votes on paulinho_mao_cheia = 1
[judge] evaluating if there was any fraud
[judge] votes on paulinho_mao_cheia = 1
[judge] evaluating if there was any fraud
[judge] votes on paulinho_mao_cheia = 1
[judge] evaluating if there was any fraud
[judge] votes on paulinho_mao_cheia = 1
[judge] evaluating if there was any fraud
[judge] votes on paulinho_mao_cheia = 1
[judge] evaluating if there was any fraud
[judge] votes on paulinho_mao_cheia = 1
[judge] evaluating if there was any fraud
[judge] votes on paulinho_mao_cheia = 1
[judge] evaluating if there was any fraud
[judge] votes on paulinho_mao_cheia = 1
[judge] evaluating if there was any fraud
[judge] votes on paulinho_mao_cheia = 1
[judge] evaluating if there was any fraud
[judge] votes on paulinho_mao_cheia = 1
[voter7] going to vote
[voter7] voter .my_name(self) is going to vote for [maria]
[judge] evaluating if there was any fraud
[judge] votes on paulinho_mao_cheia = 1
[judge] evaluating if there was any fraud
[judge] votes on paulinho_mao_cheia = 1
[judge] evaluating if there was any fraud
[judge] votes on paulinho_mao_cheia = 1
[voter6] going to vote
[voter8] going to vote
[voter6] voter .my_name(self) is going to vote for [maria]
[voter8] voter .my_name(self) is going to vote for [maria]
[judge] evaluating if there was any fraud
[judge] votes on paulinho_mao_cheia = 1
[judge] evaluating if there was any fraud
[judge] votes on paulinho_mao_cheia = 1
[judge] evaluating if there was any fraud
[judge] votes on paulinho_mao_cheia = 1
[judge] evaluating if there was any fraud
[judge] votes on paulinho_mao_cheia = 1
[judge] evaluating if there was any fraud
[judge] votes on paulinho_mao_cheia = 1
[voter4] going to vote
[voter4] voter .my_name(self) is going to vote for [paulo]
[judge] closing the voting section...
[BallotMachine] Votes -> {jorge=1, jose=1, paulinho_mao_cheia=1, maria=4, paulo=1}
[BallotMachine] Election result -> Candidate: maria (4)
[judge] result? = maria
[judge] there was no fraud in the election! :P
