CArtAgO Http Server running on http://169.254.100.4:3273
Jason Http Server running on http://169.254.100.4:3272
Moise Http Server running on http://169.254.100.4:3271
[Moise] OrgBoard fraudulent_election_org created.
[Moise] scheme created: running_election: fraudulent_election_sch using artifact SchemeBoard
[Moise] group created: g1: voting_section using artifact ora4mas.nopl.GroupBoard
[Cartago] Workspace fraudulent_election_ws created.
[Cartago] artifact ballot_machine: voting.BallotMachine() at fraudulent_election_ws created.
[voter4] join workspace /main/fraudulent_election_org: done
[voter3] join workspace /main/fraudulent_election_org: done
[voter7] join workspace /main/fraudulent_election_org: done
[voter1] join workspace /main/fraudulent_election_org: done
[voter4] join workspace /main/fraudulent_election_ws: done
[voter3] join workspace /main/fraudulent_election_ws: done
[voter4] focusing on artifact ballot_machine (at workspace /main/fraudulent_election_ws) using namespace default
[voter8] join workspace /main/fraudulent_election_org: done
[voter3] focusing on artifact ballot_machine (at workspace /main/fraudulent_election_ws) using namespace default
[voter7] join workspace /main/fraudulent_election_ws: done
[voter1] join workspace /main/fraudulent_election_ws: done
[voter6] join workspace /main/fraudulent_election_org: done
[voter7] focusing on artifact ballot_machine (at workspace /main/fraudulent_election_ws) using namespace default
[voter1] focusing on artifact ballot_machine (at workspace /main/fraudulent_election_ws) using namespace default
[judge] join workspace /main/fraudulent_election_org: done
[voter4] focus on ballot_machine: done
[voter3] focus on ballot_machine: done
[voter2] join workspace /main/fraudulent_election_org: done
[voter8] join workspace /main/fraudulent_election_ws: done
[voter6] join workspace /main/fraudulent_election_ws: done
[voter4] focusing on artifact g1 (at workspace /main/fraudulent_election_org) using namespace default
[voter1] focus on ballot_machine: done
[voter8] focusing on artifact ballot_machine (at workspace /main/fraudulent_election_ws) using namespace default
[voter3] focusing on artifact g1 (at workspace /main/fraudulent_election_org) using namespace default
[voter7] focus on ballot_machine: done
[voter1] focusing on artifact g1 (at workspace /main/fraudulent_election_org) using namespace default
[voter2] join workspace /main/fraudulent_election_ws: done
[voter6] focusing on artifact ballot_machine (at workspace /main/fraudulent_election_ws) using namespace default
[judge] join workspace /main/fraudulent_election_ws: done
[voter7] focusing on artifact g1 (at workspace /main/fraudulent_election_org) using namespace default
[voter8] focus on ballot_machine: done
[voter4] focus on g1: done
[voter2] focusing on artifact ballot_machine (at workspace /main/fraudulent_election_ws) using namespace default
[judge] focusing on artifact ballot_machine (at workspace /main/fraudulent_election_ws) using namespace default
[voter8] focusing on artifact g1 (at workspace /main/fraudulent_election_org) using namespace default
[voter3] focus on g1: done
[voter6] focus on ballot_machine: done
[voter4] focusing on artifact fraudulent_election_org (at workspace /main/fraudulent_election_org) using namespace default
[voter6] focusing on artifact g1 (at workspace /main/fraudulent_election_org) using namespace default
[voter7] focus on g1: done
[voter3] focusing on artifact fraudulent_election_org (at workspace /main/fraudulent_election_org) using namespace default
[judge] focus on ballot_machine: done
[voter2] focus on ballot_machine: done
[voter7] focusing on artifact fraudulent_election_org (at workspace /main/fraudulent_election_org) using namespace default
[voter8] focus on g1: done
[voter4] focus on fraudulent_election_org: done
[voter2] focusing on artifact g1 (at workspace /main/fraudulent_election_org) using namespace default
[judge] focusing on artifact g1 (at workspace /main/fraudulent_election_org) using namespace default
[voter8] focusing on artifact fraudulent_election_org (at workspace /main/fraudulent_election_org) using namespace default
[voter6] focus on g1: done
[voter4] joining fraudulent election
[voter6] focusing on artifact fraudulent_election_org (at workspace /main/fraudulent_election_org) using namespace default
[voter3] focus on fraudulent_election_org: done
[voter2] focus on g1: done
[voter3] joining fraudulent election
[voter7] focus on fraudulent_election_org: done
[voter8] focus on fraudulent_election_org: done
[voter2] focusing on artifact fraudulent_election_org (at workspace /main/fraudulent_election_org) using namespace default
[judge] focus on g1: done
[voter7] joining fraudulent election
[voter8] joining fraudulent election
[voter6] focus on fraudulent_election_org: done
[judge] focusing on artifact fraudulent_election_org (at workspace /main/fraudulent_election_org) using namespace default
[voter6] joining fraudulent election
[voter2] focus on fraudulent_election_org: done
[judge] focus on fraudulent_election_org: done
[voter2] joining fraudulent election
[voter4] joined fraudulent election
[voter3] joined fraudulent election
[voter8] joined fraudulent election
[voter4] for this election I have a chance of [0.4138100503666111] to commit fraud
[voter3] for this election I have a chance of [0.831988904369631] to commit fraud
[voter8] for this election I have a chance of [0.6814154077601865] to commit fraud
[voter4] my name is voter4, i'm waiting to vote...
[voter3] my name is voter3, i'm waiting to vote...
[voter8] my name is voter8, i'm waiting to vote...
[voter7] joined fraudulent election
[voter7] for this election I have a chance of [0.44127886098173696] to commit fraud
[voter7] my name is voter7, i'm waiting to vote...
[voter6] joined fraudulent election
[voter6] for this election I have a chance of [0.5230150148307238] to commit fraud
[voter6] my name is voter6, i'm waiting to vote...
[voter1] focus on g1: done
[voter1] focusing on artifact fraudulent_election_org (at workspace /main/fraudulent_election_org) using namespace default
[voter1] focus on fraudulent_election_org: done
[voter1] joining fraudulent election
[voter2] joined fraudulent election
[voter2] for this election I have a chance of [0.25794583054907305] to commit fraud
[voter2] my name is voter2, i'm waiting to vote...
[voter1] joined fraudulent election
[voter1] for this election I have a chance of [0.05359992530624824] to commit fraud
[voter1] my name is voter1, i'm waiting to vote...
[voter1] I am obliged to commit to voter on running_election... doing so
[voter4] I am obliged to commit to voter on running_election... doing so
[voter7] I am obliged to commit to voter on running_election... doing so
[voter8] I am obliged to commit to voter on running_election... doing so
[voter3] I am obliged to commit to voter on running_election... doing so
[voter2] I am obliged to commit to voter on running_election... doing so
[voter6] I am obliged to commit to voter on running_election... doing so
[judge] I am obliged to commit to judge on running_election... doing so
[voter5] join workspace /main/fraudulent_election_org: done
[bad_influence] new possible victm to commit fraud - voter4
[bad_influence] new possible victm to commit fraud - voter8
[voter5] join workspace /main/fraudulent_election_ws: done
[bad_influence] influencing to commit fraud voter4
[voter5] focusing on artifact ballot_machine (at workspace /main/fraudulent_election_ws) using namespace default
[bad_influence] new possible victm to commit fraud - voter3
[bad_influence] new possible victm to commit fraud - voter7
[bad_influence] new possible victm to commit fraud - voter6
[bad_influence] influencing to commit fraud voter8
[bad_influence] new possible victm to commit fraud - voter2
[voter5] focus on ballot_machine: done
[bad_influence] new possible victm to commit fraud - voter1
[voter5] focusing on artifact g1 (at workspace /main/fraudulent_election_org) using namespace default
[bad_influence] influencing to commit fraud voter3
[bad_influence] influencing to commit fraud voter7
[bad_influence] influencing to commit fraud voter6
[bad_influence] influencing voter4 to break the ballot machine
[bad_influence] influencing to commit fraud voter2
[bad_influence] influencing to commit fraud voter1
[bad_influence] influencing voter8 to break the ballot machine
[bad_influence] influencing voter3 to change candidates...
[bad_influence] influencing voter7 to break the ballot machine
[bad_influence] influencing voter6 to change candidates...
[bad_influence] influencing voter2 to change candidates...
[bad_influence] influencing voter1 to change candidates...
[voter1] received a new candidate to vote for... paulinho_mao_cheia
[voter3] received a new candidate to vote for... paulinho_mao_cheia
[voter6] received a new candidate to vote for... paulinho_mao_cheia
[voter4] recieved an intention to break the ballot machine
[voter7] recieved an intention to break the ballot machine
[voter8] recieved an intention to break the ballot machine
[voter5] focus on g1: done
[voter2] received a new candidate to vote for... paulinho_mao_cheia
[voter5] focusing on artifact fraudulent_election_org (at workspace /main/fraudulent_election_org) using namespace default
[voter5] focus on fraudulent_election_org: done
[voter5] joining fraudulent election
[voter4] ShouldICommitFraud = 0.7111234700595038
[voter6] ShouldICommitFraud = 0.24600330265251436
[voter8] ShouldICommitFraud = 0.2699501960765823
[voter2] ShouldICommitFraud = 0.9149231338355178
[voter1] ShouldICommitFraud = 0.64247364363125
[voter7] ShouldICommitFraud = 0.5132727085801476
[voter3] ShouldICommitFraud = 0.1640876182261639
[voter6] [[ FRAUD ]] changing my vote to paulinho_mao_cheia
[voter8] [[ FRAUD ]] i will break the ballot machine!
[voter3] [[ FRAUD ]] changing my vote to paulinho_mao_cheia
[judge] could not evaluate fraud ;(
[judge] configuring voting section...
[judge] searching candidates
[judge] registered candidates... [paulinho_mao_cheia,paula,maria,cassiano,jorge,paulo,jose]
[voter5] joined fraudulent election
[voter5] for this election I have a chance of [0.06757145663482456] to commit fraud
[voter5] my name is voter5, i'm waiting to vote...
[bad_influence] new possible victm to commit fraud - voter5
[bad_influence] influencing to commit fraud voter5
[bad_influence] influencing voter5 to change candidates...
[voter5] received a new candidate to vote for... paulinho_mao_cheia
[voter5] ShouldICommitFraud = 0.0849429748414422
[judge] could not evaluate fraud ;(
[judge] could not evaluate fraud ;(
[judge] could not evaluate fraud ;(
[judge] could not evaluate fraud ;(
[judge] could not evaluate fraud ;(
[judge] could not evaluate fraud ;(
[judge] searching voters
[judge] registered voters... [voter5,voter1,voter2,voter6,voter7,voter4,voter8,voter3]
[judge] announcing the candidates
[BallotMachine] candidates - [paulinho_mao_cheia,paula,maria,cassiano,jorge,paulo,jose]
[BallotMachine] voters - [Ljava.lang.Object;@1aaf9150
[judge] openning the voting section...
[judge] evaluating if there was any fraud
[judge] votes on paulinho_mao_cheia = 0
[judge] evaluating if there was any fraud
[judge] votes on paulinho_mao_cheia = 0
[voter4] going to vote
[voter4] voter .my_name(self) is going to vote for [paulo]
[judge] evaluating if there was any fraud
[judge] votes on paulinho_mao_cheia = 0
[voter7] going to vote
[voter7] voter .my_name(self) is going to vote for [maria]
[judge] evaluating if there was any fraud
[judge] votes on paulinho_mao_cheia = 0
[judge] evaluating if there was any fraud
[judge] votes on paulinho_mao_cheia = 0
[judge] evaluating if there was any fraud
[judge] votes on paulinho_mao_cheia = 0
[judge] evaluating if there was any fraud
[judge] votes on paulinho_mao_cheia = 0
[voter2] going to vote
[voter2] voter .my_name(self) is going to vote for [maria]
[judge] evaluating if there was any fraud
[judge] votes on paulinho_mao_cheia = 0
[judge] evaluating if there was any fraud
[judge] votes on paulinho_mao_cheia = 0
[judge] evaluating if there was any fraud
[judge] votes on paulinho_mao_cheia = 0
[judge] evaluating if there was any fraud
[judge] votes on paulinho_mao_cheia = 0
[judge] evaluating if there was any fraud
[judge] votes on paulinho_mao_cheia = 0
[judge] evaluating if there was any fraud
[judge] votes on paulinho_mao_cheia = 0
[voter8] going to vote
[voter8] [[ FRAUD ]] breaking the ballot machine!
[BallotMachine] received the DESTROY operation!
[judge] [[ FRAUD ]] the ballot machine is BROKEN!
[voter5] someone commited fraud, election halted...
[voter1] someone commited fraud, election halted...
[voter4] someone commited fraud, election halted...
[voter7] someone commited fraud, election halted...
[voter8] someone commited fraud, election halted...
[voter2] someone commited fraud, election halted...
[voter3] someone commited fraud, election halted...
[voter6] someone commited fraud, election halted...
