CArtAgO Http Server running on http://169.254.100.4:3273
Jason Http Server running on http://169.254.100.4:3272
Moise Http Server running on http://169.254.100.4:3271
[Moise] OrgBoard fraudulent_election_org created.
[Moise] scheme created: running_election: fraudulent_election_sch using artifact SchemeBoard
[Moise] group created: g1: voting_section using artifact ora4mas.nopl.GroupBoard
[Cartago] Workspace fraudulent_election_ws created.
[Cartago] artifact ballot_machine: voting.BallotMachine() at fraudulent_election_ws created.
[voter1] join workspace /main/fraudulent_election_org: done
[voter3] join workspace /main/fraudulent_election_org: done
[voter6] join workspace /main/fraudulent_election_org: done
[voter4] join workspace /main/fraudulent_election_org: done
[voter1] join workspace /main/fraudulent_election_ws: done
[voter3] join workspace /main/fraudulent_election_ws: done
[judge] join workspace /main/fraudulent_election_org: done
[voter3] focusing on artifact ballot_machine (at workspace /main/fraudulent_election_ws) using namespace default
[voter1] focusing on artifact ballot_machine (at workspace /main/fraudulent_election_ws) using namespace default
[voter6] join workspace /main/fraudulent_election_ws: done
[voter4] join workspace /main/fraudulent_election_ws: done
[voter2] join workspace /main/fraudulent_election_org: done
[voter6] focusing on artifact ballot_machine (at workspace /main/fraudulent_election_ws) using namespace default
[voter4] focusing on artifact ballot_machine (at workspace /main/fraudulent_election_ws) using namespace default
[voter7] join workspace /main/fraudulent_election_org: done
[judge] join workspace /main/fraudulent_election_ws: done
[voter3] focus on ballot_machine: done
[voter1] focus on ballot_machine: done
[voter2] join workspace /main/fraudulent_election_ws: done
[voter5] join workspace /main/fraudulent_election_org: done
[voter3] focusing on artifact g1 (at workspace /main/fraudulent_election_org) using namespace default
[voter6] focus on ballot_machine: done
[judge] focusing on artifact ballot_machine (at workspace /main/fraudulent_election_ws) using namespace default
[voter2] focusing on artifact ballot_machine (at workspace /main/fraudulent_election_ws) using namespace default
[voter7] join workspace /main/fraudulent_election_ws: done
[voter1] focusing on artifact g1 (at workspace /main/fraudulent_election_org) using namespace default
[voter4] focus on ballot_machine: done
[voter5] join workspace /main/fraudulent_election_ws: done
[voter6] focusing on artifact g1 (at workspace /main/fraudulent_election_org) using namespace default
[voter7] focusing on artifact ballot_machine (at workspace /main/fraudulent_election_ws) using namespace default
[voter4] focusing on artifact g1 (at workspace /main/fraudulent_election_org) using namespace default
[judge] focus on ballot_machine: done
[voter5] focusing on artifact ballot_machine (at workspace /main/fraudulent_election_ws) using namespace default
[voter2] focus on ballot_machine: done
[judge] focusing on artifact g1 (at workspace /main/fraudulent_election_org) using namespace default
[voter1] focus on g1: done
[voter2] focusing on artifact g1 (at workspace /main/fraudulent_election_org) using namespace default
[voter7] focus on ballot_machine: done
[voter6] focus on g1: done
[voter1] focusing on artifact fraudulent_election_org (at workspace /main/fraudulent_election_org) using namespace default
[voter5] focus on ballot_machine: done
[voter4] focus on g1: done
[voter6] focusing on artifact fraudulent_election_org (at workspace /main/fraudulent_election_org) using namespace default
[voter7] focusing on artifact g1 (at workspace /main/fraudulent_election_org) using namespace default
[voter2] focus on g1: done
[voter5] focusing on artifact g1 (at workspace /main/fraudulent_election_org) using namespace default
[voter4] focusing on artifact fraudulent_election_org (at workspace /main/fraudulent_election_org) using namespace default
[voter2] focusing on artifact fraudulent_election_org (at workspace /main/fraudulent_election_org) using namespace default
[voter1] focus on fraudulent_election_org: done
[voter1] joining fraudulent election
[voter7] focus on g1: done
[voter7] focusing on artifact fraudulent_election_org (at workspace /main/fraudulent_election_org) using namespace default
[voter4] focus on fraudulent_election_org: done
[voter6] focus on fraudulent_election_org: done
[voter2] focus on fraudulent_election_org: done
[voter5] focus on g1: done
[voter4] joining fraudulent election
[voter2] joining fraudulent election
[voter6] joining fraudulent election
[voter5] focusing on artifact fraudulent_election_org (at workspace /main/fraudulent_election_org) using namespace default
[voter5] focus on fraudulent_election_org: done
[voter5] joining fraudulent election
[voter1] joined fraudulent election
[voter4] joined fraudulent election
[voter7] focus on fraudulent_election_org: done
[voter7] joining fraudulent election
[voter2] joined fraudulent election
[voter1] for this election I have a chance of [0.791211908298379] to commit fraud
[voter2] for this election I have a chance of [0.6631471251145304] to commit fraud
[voter4] for this election I have a chance of [0.8518878898156698] to commit fraud
[voter1] my name is voter1, i'm waiting to vote...
[voter2] my name is voter2, i'm waiting to vote...
[voter4] my name is voter4, i'm waiting to vote...
[voter6] joined fraudulent election
[voter6] for this election I have a chance of [0.31341644168896465] to commit fraud
[voter6] my name is voter6, i'm waiting to vote...
[voter5] joined fraudulent election
[voter5] for this election I have a chance of [0.6356255090147152] to commit fraud
[voter5] my name is voter5, i'm waiting to vote...
[voter3] focus on g1: done
[judge] focus on g1: done
[voter7] joined fraudulent election
[voter3] focusing on artifact fraudulent_election_org (at workspace /main/fraudulent_election_org) using namespace default
[judge] focusing on artifact fraudulent_election_org (at workspace /main/fraudulent_election_org) using namespace default
[voter7] for this election I have a chance of [0.4526366082005647] to commit fraud
[voter7] my name is voter7, i'm waiting to vote...
[voter3] focus on fraudulent_election_org: done
[judge] focus on fraudulent_election_org: done
[voter3] joining fraudulent election
[voter3] joined fraudulent election
[voter3] for this election I have a chance of [0.5299371934356909] to commit fraud
[voter3] my name is voter3, i'm waiting to vote...
[judge] I am obliged to commit to judge on running_election... doing so
[voter2] I am obliged to commit to voter on running_election... doing so
[voter1] I am obliged to commit to voter on running_election... doing so
[voter5] I am obliged to commit to voter on running_election... doing so
[voter3] I am obliged to commit to voter on running_election... doing so
[voter4] I am obliged to commit to voter on running_election... doing so
[voter7] I am obliged to commit to voter on running_election... doing so
[voter6] I am obliged to commit to voter on running_election... doing so
[bad_influence] new possible victm to commit fraud - voter4
[voter8] join workspace /main/fraudulent_election_org: done
[bad_influence] new possible victm to commit fraud - voter2
[bad_influence] influencing to commit fraud voter4
[bad_influence] new possible victm to commit fraud - voter1
[bad_influence] new possible victm to commit fraud - voter6
[bad_influence] new possible victm to commit fraud - voter5
[voter8] join workspace /main/fraudulent_election_ws: done
[bad_influence] influencing to commit fraud voter2
[voter8] focusing on artifact ballot_machine (at workspace /main/fraudulent_election_ws) using namespace default
[bad_influence] new possible victm to commit fraud - voter7
[bad_influence] new possible victm to commit fraud - voter3
[bad_influence] influencing to commit fraud voter1
[bad_influence] influencing to commit fraud voter6
[voter8] focus on ballot_machine: done
[bad_influence] influencing to commit fraud voter5
[bad_influence] influencing voter4 to break the ballot machine
[voter8] focusing on artifact g1 (at workspace /main/fraudulent_election_org) using namespace default
[bad_influence] influencing to commit fraud voter7
[bad_influence] influencing to commit fraud voter3
[voter4] recieved an intention to break the ballot machine
[voter4] ShouldICommitFraud = 0.496401598098135
[bad_influence] influencing voter2 to break the ballot machine
[voter4] [[ FRAUD ]] i will break the ballot machine!
[bad_influence] influencing voter1 to change candidates...
[bad_influence] influencing voter6 to change candidates...
[voter2] recieved an intention to break the ballot machine
[voter8] focus on g1: done
[bad_influence] influencing voter5 to break the ballot machine
[voter2] ShouldICommitFraud = 0.8093544197520534
[bad_influence] influencing voter7 to change candidates...
[voter8] focusing on artifact fraudulent_election_org (at workspace /main/fraudulent_election_org) using namespace default
[voter1] received a new candidate to vote for... paulinho_mao_cheia
[voter6] received a new candidate to vote for... paulinho_mao_cheia
[bad_influence] influencing voter3 to break the ballot machine
[voter6] ShouldICommitFraud = 0.6594903438809642
[voter1] ShouldICommitFraud = 0.803957008367122
[voter5] recieved an intention to break the ballot machine
[voter7] received a new candidate to vote for... paulinho_mao_cheia
[voter5] ShouldICommitFraud = 0.9362708942052053
[voter3] recieved an intention to break the ballot machine
[voter8] focus on fraudulent_election_org: done
[voter7] ShouldICommitFraud = 0.5660213683170765
[voter3] ShouldICommitFraud = 0.6733395658832934
[voter8] joining fraudulent election
[judge] could not evaluate fraud ;(
[judge] configuring voting section...
[judge] searching candidates
[judge] registered candidates... [paulinho_mao_cheia,paula,maria,cassiano,jorge,paulo,jose]
[voter8] joined fraudulent election
[voter8] for this election I have a chance of [0.2082017520938243] to commit fraud
[voter8] my name is voter8, i'm waiting to vote...
[bad_influence] new possible victm to commit fraud - voter8
[bad_influence] influencing to commit fraud voter8
[bad_influence] influencing voter8 to break the ballot machine
[voter8] recieved an intention to break the ballot machine
[voter8] ShouldICommitFraud = 0.667449665391938
[judge] could not evaluate fraud ;(
[judge] could not evaluate fraud ;(
[judge] could not evaluate fraud ;(
[judge] could not evaluate fraud ;(
[judge] could not evaluate fraud ;(
[judge] could not evaluate fraud ;(
[judge] searching voters
[judge] registered voters... [voter8,voter3,voter7,voter5,voter6,voter4,voter1,voter2]
[judge] announcing the candidates
[BallotMachine] candidates - [paulinho_mao_cheia,paula,maria,cassiano,jorge,paulo,jose]
[BallotMachine] voters - [Ljava.lang.Object;@45ee5628
[judge] openning the voting section...
[judge] evaluating if there was any fraud
[judge] votes on paulinho_mao_cheia = 0
[judge] evaluating if there was any fraud
[judge] votes on paulinho_mao_cheia = 0
[voter3] going to vote
[voter4] going to vote
[voter3] voter .my_name(self) is going to vote for [jorge]
[voter4] [[ FRAUD ]] breaking the ballot machine!
[BallotMachine] received the DESTROY operation!
[judge] [[ FRAUD ]] the ballot machine is BROKEN!
[voter4] someone commited fraud, election halted...
[voter2] someone commited fraud, election halted...
[voter8] someone commited fraud, election halted...
[voter5] someone commited fraud, election halted...
[voter1] someone commited fraud, election halted...
[voter7] someone commited fraud, election halted...
[voter6] someone commited fraud, election halted...
[voter3] someone commited fraud, election halted...
